

Version:	3.50
CmdLine:	C:\proyecto\Calculadora.exe --l4j-debug
JNI:		No
WOW64:		No
Working dir:	C:\proyecto\.
Requires JDK:	Yes
Requires 64-Bit: No
Java min ver:	1.008.000
Java max ver:	
Substitute:	JAVA_HOME = 
Substitute:	PATH = C:\Program Files\Common Files\Oracle\Java\javapath;C:\Windows\system32;C:\Windows;C:\Windows\System32\Wbem;C:\Windows\System32\WindowsPowerShell\v1.0\;C:\Program Files\Microsoft\Web Platform Installer\;C:\Program Files\Microsoft ASP.NET\ASP.NET Web Pages\v1.0\;C:\Program Files\Windows Kits\8.0\Windows Performance Toolkit\;C:\Program Files\Microsoft SQL Server\110\Tools\Binn\;C:\Program Files\Java\jdk-1.8\bin;C:\Program Files\Java\jdk-1.8;C:\Program Files\Git\cmd;;C:\Program Files\Java\jdk-1.8\bin
JRE paths:	;C:\Program Files\Common Files\Oracle\Java\javapath;C:\Windows\system32;C:\Windows;C:\Windows\System32\Wbem;C:\Windows\System32\WindowsPowerShell\v1.0\;C:\Program Files\Microsoft\Web Platform Installer\;C:\Program Files\Microsoft ASP.NET\ASP.NET Web Pages\v1.0\;C:\Program Files\Windows Kits\8.0\Windows Performance Toolkit\;C:\Program Files\Microsoft SQL Server\110\Tools\Binn\;C:\Program Files\Java\jdk-1.8\bin;C:\Program Files\Java\jdk-1.8;C:\Program Files\Git\cmd;;C:\Program Files\Java\jdk-1.8\bin
Check launcher:	C:\Program Files\Common Files\Oracle\Java\javapath\bin\javaw.exe (not found)
Check launcher:	C:\Windows\system32\bin\javaw.exe (not found)
Check launcher:	C:\Windows\bin\javaw.exe (not found)
Check launcher:	C:\Windows\System32\Wbem\bin\javaw.exe (not found)
Check launcher:	C:\Windows\System32\WindowsPowerShell\v1.0\bin\javaw.exe (not found)
Check launcher:	C:\Program Files\Microsoft\Web Platform Installer\bin\javaw.exe (not found)
Check launcher:	C:\Program Files\Microsoft ASP.NET\ASP.NET Web Pages\v1.0\bin\javaw.exe (not found)
Check launcher:	C:\Program Files\Windows Kits\8.0\Windows Performance Toolkit\bin\javaw.exe (not found)
Check launcher:	C:\Program Files\Microsoft SQL Server\110\Tools\Binn\bin\javaw.exe (not found)
Check launcher:	C:\Program Files\Java\jdk-1.8\bin\javaw.exe (OK)
Check javac:	C:\Program Files\Java\jdk-1.8\bin\javac.exe (OK)
Version string: 1.008.000_381 / 32-Bit (OK)
Launcher:	C:\Program Files\Java\jdk-1.8\bin\javaw.exe
Launcher args:	-jar "C:\proyecto\Calculadora.exe"
Args length:	34/32768 chars
Exit code:	0


Version:	3.50
CmdLine:	C:\proyecto\Calculadora.exe --l4j-debug
JNI:		No
WOW64:		No
Working dir:	C:\proyecto\.
Requires JDK:	Yes
Requires 64-Bit: No
Java min ver:	1.008.000
Java max ver:	
Substitute:	JAVA_HOME = 
Substitute:	PATH = C:\Program Files\Common Files\Oracle\Java\javapath;C:\Windows\system32;C:\Windows;C:\Windows\System32\Wbem;C:\Windows\System32\WindowsPowerShell\v1.0\;C:\Program Files\Microsoft\Web Platform Installer\;C:\Program Files\Microsoft ASP.NET\ASP.NET Web Pages\v1.0\;C:\Program Files\Windows Kits\8.0\Windows Performance Toolkit\;C:\Program Files\Microsoft SQL Server\110\Tools\Binn\;C:\Program Files\Java\jdk-1.8\bin;C:\Program Files\Java\jdk-1.8;C:\Program Files\Git\cmd;;C:\Program Files\Java\jdk-1.8\bin
JRE paths:	;C:\Program Files\Common Files\Oracle\Java\javapath;C:\Windows\system32;C:\Windows;C:\Windows\System32\Wbem;C:\Windows\System32\WindowsPowerShell\v1.0\;C:\Program Files\Microsoft\Web Platform Installer\;C:\Program Files\Microsoft ASP.NET\ASP.NET Web Pages\v1.0\;C:\Program Files\Windows Kits\8.0\Windows Performance Toolkit\;C:\Program Files\Microsoft SQL Server\110\Tools\Binn\;C:\Program Files\Java\jdk-1.8\bin;C:\Program Files\Java\jdk-1.8;C:\Program Files\Git\cmd;;C:\Program Files\Java\jdk-1.8\bin
Check launcher:	C:\Program Files\Common Files\Oracle\Java\javapath\bin\javaw.exe (not found)
Check launcher:	C:\Windows\system32\bin\javaw.exe (not found)
Check launcher:	C:\Windows\bin\javaw.exe (not found)
Check launcher:	C:\Windows\System32\Wbem\bin\javaw.exe (not found)
Check launcher:	C:\Windows\System32\WindowsPowerShell\v1.0\bin\javaw.exe (not found)
Check launcher:	C:\Program Files\Microsoft\Web Platform Installer\bin\javaw.exe (not found)
Check launcher:	C:\Program Files\Microsoft ASP.NET\ASP.NET Web Pages\v1.0\bin\javaw.exe (not found)
Check launcher:	C:\Program Files\Windows Kits\8.0\Windows Performance Toolkit\bin\javaw.exe (not found)
Check launcher:	C:\Program Files\Microsoft SQL Server\110\Tools\Binn\bin\javaw.exe (not found)
Check launcher:	C:\Program Files\Java\jdk-1.8\bin\javaw.exe (OK)
Check javac:	C:\Program Files\Java\jdk-1.8\bin\javac.exe (OK)
Version string: 1.008.000_381 / 32-Bit (OK)
Launcher:	C:\Program Files\Java\jdk-1.8\bin\javaw.exe
Launcher args:	-jar "C:\proyecto\Calculadora.exe"
Args length:	34/32768 chars
Exit code:	0
